<?xml version="1.0" encoding="UTF-8"?>
<!-- Generated by org.testng.reporters.JUnitXMLReporter -->
<testsuite ignored="0" hostname="DEMONISEDDEVICE" failures="0" tests="4" name="Default test" time="139.168" errors="0" timestamp="2023-08-14T11:20:19 IST">
  <testcase classname="T1.LoginTest" name="create" time="17.682"/>
  <testcase classname="T1.SearchTest" name="test2" time="92.686"/>
  <testcase classname="T1.SelectTest" name="test3" time="14.205"/>
  <testcase classname="T1.LogoutTest" name="test4" time="6.423"/>
</testsuite> <!-- Default test -->
