<?xml version="1.0" encoding="UTF-8"?>
<testng-results ignored="0" total="4" passed="4" failed="0" skipped="0">
  <reporter-output>
  </reporter-output>
  <suite started-at="2023-08-14T11:17:59 IST" name="Default suite" finished-at="2023-08-14T11:20:19 IST" duration-ms="139168">
    <groups>
    </groups>
    <test started-at="2023-08-14T11:17:59 IST" name="Default test" finished-at="2023-08-14T11:20:19 IST" duration-ms="139168">
      <class name="T1.LogoutTest">
        <test-method is-config="true" signature="test()[pri:0, instance:T1.LogoutTest@52af26ee]" started-at="2023-08-14T11:17:59 IST" name="test" finished-at="2023-08-14T11:18:08 IST" duration-ms="8123" status="PASS">
          <reporter-output>
          </reporter-output>
        </test-method> <!-- test -->
        <test-method signature="create()[pri:0, instance:T1.LogoutTest@52af26ee]" started-at="2023-08-14T11:18:08 IST" name="create" finished-at="2023-08-14T11:18:25 IST" duration-ms="17682" status="PASS">
          <reporter-output>
          </reporter-output>
        </test-method> <!-- create -->
        <test-method signature="test2()[pri:2, instance:T1.LogoutTest@52af26ee]" started-at="2023-08-14T11:18:25 IST" name="test2" finished-at="2023-08-14T11:19:58 IST" duration-ms="92686" status="PASS">
          <reporter-output>
          </reporter-output>
        </test-method> <!-- test2 -->
        <test-method signature="test3()[pri:3, instance:T1.LogoutTest@52af26ee]" started-at="2023-08-14T11:19:58 IST" name="test3" finished-at="2023-08-14T11:20:12 IST" duration-ms="14205" status="PASS">
          <reporter-output>
          </reporter-output>
        </test-method> <!-- test3 -->
        <test-method signature="test4()[pri:4, instance:T1.LogoutTest@52af26ee]" started-at="2023-08-14T11:20:12 IST" name="test4" finished-at="2023-08-14T11:20:19 IST" duration-ms="6423" status="PASS">
          <reporter-output>
          </reporter-output>
        </test-method> <!-- test4 -->
      </class> <!-- T1.LogoutTest -->
    </test> <!-- Default test -->
  </suite> <!-- Default suite -->
</testng-results>
